<?xml version="1.0" encoding="UTF-8"?>
<!-- Generated by org.testng.reporters.JUnitReportReporter -->
<testsuite hostname="HPPavilionAero" failures="0" tests="5" name="testCases.TC03_DataDrivenTest" time="38.825" errors="0" timestamp="2024-12-06T22:34:18 IST" skipped="0">
  <testcase classname="testCases.TC03_DataDrivenTest" name="loginDDT" time="11.743"/>
  <testcase classname="testCases.TC03_DataDrivenTest" name="loginDDT" time="11.358"/>
  <testcase classname="testCases.TC03_DataDrivenTest" name="loginDDT" time="2.002"/>
  <testcase classname="testCases.TC03_DataDrivenTest" name="loginDDT" time="11.354"/>
  <testcase classname="testCases.TC03_DataDrivenTest" name="loginDDT" time="2.368"/>
</testsuite> <!-- testCases.TC03_DataDrivenTest -->
