<?xml version="1.0" encoding="UTF-8"?>
<!-- Generated by org.testng.reporters.JUnitReportReporter -->
<testsuite hostname="HPPavilionAero" failures="0" tests="1" name="testCases.OrangeHRM" time="6.277" errors="0" timestamp="2024-12-03T10:19:35 IST" skipped="0">
  <testcase classname="testCases.OrangeHRM" name="setup" time="6.277"/>
</testsuite> <!-- testCases.OrangeHRM -->
