<?xml version="1.0" encoding="UTF-8"?>
<!-- Generated by org.testng.reporters.JUnitReportReporter -->
<testsuite hostname="HPPavilionAero" failures="0" tests="1" name="testCases.TC02_LoginTest" time="1.612" errors="0" timestamp="2024-12-07T20:40:39 IST" skipped="0">
  <testcase classname="testCases.TC02_LoginTest" name="test_login" time="1.612"/>
</testsuite> <!-- testCases.TC02_LoginTest -->
