<?xml version="1.0" encoding="UTF-8"?>
<!-- Generated by org.testng.reporters.JUnitReportReporter -->
<testsuite hostname="HPPavilionAero" failures="0" tests="1" name="testCases.TC001_AccountRegistrationPage" time="4.170" errors="0" timestamp="2024-12-07T20:40:39 IST" skipped="0">
  <testcase classname="testCases.TC001_AccountRegistrationPage" name="verify_accountRegPage" time="4.170"/>
</testsuite> <!-- testCases.TC001_AccountRegistrationPage -->
